<?xml version="1.0" encoding="UTF-8"?>
<!-- Generated by org.testng.reporters.JUnitReportReporter -->
<testsuite skipped="0" hostname="DESKTOP-D33NOES" name="TestNg.demo3" tests="3" failures="0" timestamp="2020-08-29T16:01:10 IST" time="0.015" errors="0">
  <testcase name="test7" time="0.012" classname="TestNg.demo3"/>
  <system-out/>
  <testcase name="test8" time="0.001" classname="TestNg.demo3"/>
  <system-out/>
  <testcase name="test9" time="0.002" classname="TestNg.demo3"/>
  <system-out/>
</testsuite> <!-- TestNg.demo3 -->
