<?xml version="1.0" encoding="UTF-8"?>
<!-- Generated by org.testng.reporters.JUnitReportReporter -->
<testsuite skipped="0" hostname="DESKTOP-D33NOES" name="Framework.Testnganotations" tests="2" failures="0" timestamp="2020-09-07T13:15:07 IST" time="0.016" errors="0">
  <testcase name="test1" time="0.012" classname="Framework.Testnganotations"/>
  <system-out/>
  <testcase name="test2" time="0.004" classname="Framework.Testnganotations"/>
  <system-out/>
</testsuite> <!-- Framework.Testnganotations -->
