<?xml version="1.0" encoding="UTF-8"?>
<!-- Generated by org.testng.reporters.JUnitReportReporter -->
<testsuite skipped="0" hostname="DESKTOP-D33NOES" name="TestNg.demo2" tests="2" failures="0" timestamp="2020-08-29T15:01:34 IST" time="0.016" errors="0">
  <testcase name="test6" time="0.000" classname="TestNg.demo2"/>
  <system-out/>
  <testcase name="test4" time="0.016" classname="TestNg.demo2"/>
  <system-out/>
</testsuite> <!-- TestNg.demo2 -->
